2025-09-05T04:52:22.879+0700	DEBUG	api/router.go:39	Successfully initialized Router
2025-09-05T04:52:22.879+0700	INFO	cmd/main.go:22	Listening on port 8080
2025-09-05T04:55:17.266+0700	DEBUG	api/router.go:39	Successfully initialized Router
2025-09-05T04:55:17.266+0700	INFO	cmd/main.go:22	Listening on port 8080
2025-09-05T05:05:39.388+0700	DEBUG	api/router.go:39	Successfully initialized Router
2025-09-05T05:05:39.388+0700	INFO	cmd/main.go:22	Listening on port 8080
2025-09-05T05:07:11.758+0700	DEBUG	api/router.go:39	Successfully initialized Router
2025-09-05T05:07:11.758+0700	INFO	cmd/main.go:22	Listening on port 8080
2025-09-05T05:07:16.941+0700	DEBUG	service/auth_service_impl.go:69	Hashed Pwd: $2a$10$8biSM7JIOeJIYugoHR37JO09VtyDVo1AOL3JvrBEUcpVqsKABkJh6
2025-09-05T05:07:16.941+0700	DEBUG	service/auth_service_impl.go:70	Request Pwd: 123123
2025-09-05T05:23:21.033+0700	DEBUG	api/router.go:39	Successfully initialized Router
2025-09-05T05:23:21.033+0700	INFO	cmd/main.go:22	Listening on port 8080
2025-09-05T05:23:26.343+0700	DEBUG	service/auth_service_impl.go:69	Hashed Pwd: $2a$10$8biSM7JIOeJIYugoHR37JO09VtyDVo1AOL3JvrBEUcpVqsKABkJh6
2025-09-05T05:23:26.343+0700	DEBUG	service/auth_service_impl.go:70	Request Pwd: 123123
2025-09-05T05:24:16.360+0700	DEBUG	api/router.go:39	Successfully initialized Router
2025-09-05T05:24:16.360+0700	INFO	cmd/main.go:22	Listening on port 8080
2025-09-05T05:24:20.371+0700	DEBUG	service/auth_service_impl.go:69	Hashed Pwd: $2a$10$8biSM7JIOeJIYugoHR37JO09VtyDVo1AOL3JvrBEUcpVqsKABkJh6
2025-09-05T05:24:20.371+0700	DEBUG	service/auth_service_impl.go:70	Request Pwd: 123123
2025-09-05T05:25:53.865+0700	DEBUG	api/router.go:39	Successfully initialized Router
2025-09-05T05:25:53.941+0700	INFO	cmd/main.go:31	Listening on port 8080
2025-09-05T05:27:17.074+0700	DEBUG	api/router.go:39	Successfully initialized Router
2025-09-05T05:27:17.074+0700	INFO	cmd/main.go:22	Listening on port 8080
2025-09-05T05:28:18.194+0700	DEBUG	service/auth_service_impl.go:69	Hashed Pwd: $2a$10$DJhPvvkKuygVop0bG2Bg.evJZOxLFBbm9wTbCgxKuoNKJRlvruEjO
2025-09-05T05:28:18.194+0700	DEBUG	service/auth_service_impl.go:70	Request Pwd: 123123
2025-09-05T05:28:22.306+0700	DEBUG	service/auth_service_impl.go:69	Hashed Pwd: $2a$10$DJhPvvkKuygVop0bG2Bg.evJZOxLFBbm9wTbCgxKuoNKJRlvruEjO
2025-09-05T05:28:22.306+0700	DEBUG	service/auth_service_impl.go:70	Request Pwd: 123123
2025-09-05T05:28:23.336+0700	DEBUG	service/auth_service_impl.go:69	Hashed Pwd: $2a$10$DJhPvvkKuygVop0bG2Bg.evJZOxLFBbm9wTbCgxKuoNKJRlvruEjO
2025-09-05T05:28:23.336+0700	DEBUG	service/auth_service_impl.go:70	Request Pwd: 123123
2025-09-05T05:32:14.234+0700	DEBUG	service/auth_service_impl.go:69	Hashed Pwd: $2a$10$DJhPvvkKuygVop0bG2Bg.evJZOxLFBbm9wTbCgxKuoNKJRlvruEjO
2025-09-05T05:32:14.234+0700	DEBUG	service/auth_service_impl.go:70	Request Pwd: 123123
2025-09-05T05:50:47.044+0700	DEBUG	api/router.go:39	Successfully initialized Router
2025-09-05T05:50:47.044+0700	INFO	cmd/main.go:22	Listening on port 8080
